Using pre-set license
Built from '2020.3/release' branch; Version is '2020.3.12f1 (b3b2c6512326) revision 11776710'; Using compiler version '192528614'; Build Type 'Release'
OS: 'Windows 10 Pro; OS build 19045.3208; Version 2009; 64bit' Language: 'en' Physical Memory: 7989 MB
BatchMode: 1, IsHumanControllingUs: 0, StartBugReporterOnCrash: 0, Is64bit: 1, IsPro: 0

 COMMAND LINE ARGUMENTS:
C:\Program Files\Unity\Hub\Editor\2020.3.12f1\Editor\Unity.exe
-adb2
-batchMode
-noUpm
-name
AssetImportWorker0
-projectPath
C:/Users/Ninja33/Documents/GitHub/AmazingNinjaWorlds/BS- Amazing Ninja Worlds
-logFile
Logs/AssetImportWorker0.log
-srvPort
51383
Successfully changed project path to: C:/Users/Ninja33/Documents/GitHub/AmazingNinjaWorlds/BS- Amazing Ninja Worlds
C:/Users/Ninja33/Documents/GitHub/AmazingNinjaWorlds/BS- Amazing Ninja Worlds
Using Asset Import Pipeline V2.
Refreshing native plugins compatible for Editor in 89.61 ms, found 2 plugins.
Preloading 0 native plugins for Editor in 0.00 ms.
Initialize engine version: 2020.3.12f1 (b3b2c6512326)
[Subsystems] Discovering subsystems at path C:/Program Files/Unity/Hub/Editor/2020.3.12f1/Editor/Data/Resources/UnitySubsystems
[Subsystems] Discovering subsystems at path C:/Users/Ninja33/Documents/GitHub/AmazingNinjaWorlds/BS- Amazing Ninja Worlds/Assets
GfxDevice: creating device client; threaded=0
Direct3D:
    Version:  Direct3D 11.0 [level 10.0]
    Renderer: Intel(R) HD Graphics (ID=0x46)
    Vendor:   
    VRAM:     128 MB
    Driver:   8.15.10.2900
Initialize mono
Mono path[0] = 'C:/Program Files/Unity/Hub/Editor/2020.3.12f1/Editor/Data/Managed'
Mono path[1] = 'C:/Program Files/Unity/Hub/Editor/2020.3.12f1/Editor/Data/MonoBleedingEdge/lib/mono/unityjit'
Mono config path = 'C:/Program Files/Unity/Hub/Editor/2020.3.12f1/Editor/Data/MonoBleedingEdge/etc'
Using monoOptions --debugger-agent=transport=dt_socket,embedding=1,server=y,suspend=n,address=127.0.0.1:56880
Begin MonoManager ReloadAssembly
Registering precompiled unity dll's ...
Register platform support module: C:/Program Files/Unity/Hub/Editor/2020.3.12f1/Editor/Data/PlaybackEngines/WindowsStandaloneSupport/UnityEditor.WindowsStandalone.Extensions.dll
Registered in 0.004890 seconds.
Native extension for WindowsStandalone target not found
Refreshing native plugins compatible for Editor in 82.08 ms, found 2 plugins.
Preloading 0 native plugins for Editor in 0.00 ms.
Mono: successfully reloaded assembly
- Completed reload, in  3.047 seconds
Platform modules already initialized, skipping
Registering precompiled user dll's ...
Registered in 0.009943 seconds.
Begin MonoManager ReloadAssembly
Native extension for WindowsStandalone target not found
Refreshing native plugins compatible for Editor in 0.88 ms, found 2 plugins.
Preloading 0 native plugins for Editor in 0.00 ms.
Mono: successfully reloaded assembly
- Completed reload, in  3.370 seconds
Platform modules already initialized, skipping
========================================================================
Worker process is ready to serve import requests
Launched and connected shader compiler UnityShaderCompiler.exe after 0.10 seconds
Refreshing native plugins compatible for Editor in 0.85 ms, found 2 plugins.
Preloading 0 native plugins for Editor in 0.00 ms.
Unloading 1591 Unused Serialized files (Serialized files now loaded: 0)
System memory in use before: 75.8 MB.
System memory in use after: 75.9 MB.

Unloading 21 unused Assets to reduce memory usage. Loaded Objects now: 2027.
Total: 5.085400 ms (FindLiveObjects: 0.352700 ms CreateObjectMapping: 0.120600 ms MarkObjects: 4.382100 ms  DeleteObjects: 0.226600 ms)

AssetImportParameters requested are different than current active one (requested -> active):
  custom:framework-win-MediaFoundation: 216162199b28c13a410421893ffa2e32 -> 
  custom:video-decoder-ogg-theora: a1e56fd34408186e4bbccfd4996cb3dc -> 
  custom:container-muxer-webm: aa71ff27fc2769a1b78a27578f13a17b -> 
  custom:container-demuxer-webm: 4f35f7cbe854078d1ac9338744f61a02 -> 
  custom:container-demuxer-ogg: 62fdf1f143b41e24485cea50d1cbac27 -> 
  custom:video-encoder-webm-vp8: eb34c28f22e8b96e1ab97ce403110664 -> 
  custom:video-decoder-webm-vp8: 9c59270c3fd7afecdb556c50c9e8de78 -> 
  custom:audio-decoder-ogg-vorbis: bf7c407c2cedff20999df2af8eb42d56 -> 
  custom:audio-encoder-webm-vorbis: bf7c407c2cedff20999df2af8eb42d56 -> 
========================================================================
Received Import Request.
  path: Assets/Scripts/PickUpKey.cs
  artifactKey: Guid(11c9b24b399ea88459c0ca4584acbbfb) Importer(815301076,1909f56bfc062723c751e8b465ee728b)
Start importing Assets/Scripts/PickUpKey.cs using Guid(11c9b24b399ea88459c0ca4584acbbfb) Importer(815301076,1909f56bfc062723c751e8b465ee728b)  -> (artifact id: 'e7e37b74c06cfec5ee2b3a3602b4ddeb') in 0.073621 seconds 
  Import took 0.083938 seconds .

========================================================================
Received Import Request.
  Time since last request: 16.184272 seconds.
  path: Assets/Scripts/PickUpKey.cs
  artifactKey: Guid(11c9b24b399ea88459c0ca4584acbbfb) Importer(815301076,1909f56bfc062723c751e8b465ee728b)
Start importing Assets/Scripts/PickUpKey.cs using Guid(11c9b24b399ea88459c0ca4584acbbfb) Importer(815301076,1909f56bfc062723c751e8b465ee728b)  -> (artifact id: '16f281045e54508b441bd36ff769d38c') in 0.007490 seconds 
  Import took 0.017023 seconds .

========================================================================
Received Import Request.
  Time since last request: 164.324080 seconds.
  path: Assets/Scripts/PickUpKey.cs
  artifactKey: Guid(11c9b24b399ea88459c0ca4584acbbfb) Importer(815301076,1909f56bfc062723c751e8b465ee728b)
Start importing Assets/Scripts/PickUpKey.cs using Guid(11c9b24b399ea88459c0ca4584acbbfb) Importer(815301076,1909f56bfc062723c751e8b465ee728b)  -> (artifact id: '10934bad3b31dc698fe45fcf3c092761') in 0.010064 seconds 
  Import took 0.028739 seconds .

========================================================================
Received Import Request.
  Time since last request: 0.005018 seconds.
  path: Assets/Scripts/PickUpKey.cs
  artifactKey: Guid(11c9b24b399ea88459c0ca4584acbbfb) Importer(815301076,1909f56bfc062723c751e8b465ee728b)
Start importing Assets/Scripts/PickUpKey.cs using Guid(11c9b24b399ea88459c0ca4584acbbfb) Importer(815301076,1909f56bfc062723c751e8b465ee728b)  -> (artifact id: '10934bad3b31dc698fe45fcf3c092761') in 0.011549 seconds 
  Import took 0.020262 seconds .

========================================================================
Received Import Request.
  Time since last request: 412.692451 seconds.
  path: Assets/Scripts/PickUpKey.cs
  artifactKey: Guid(11c9b24b399ea88459c0ca4584acbbfb) Importer(815301076,1909f56bfc062723c751e8b465ee728b)
Start importing Assets/Scripts/PickUpKey.cs using Guid(11c9b24b399ea88459c0ca4584acbbfb) Importer(815301076,1909f56bfc062723c751e8b465ee728b)  -> (artifact id: 'a7d9d855b0f35af9c41b45b5ac172af9') in 0.008503 seconds 
  Import took 0.017792 seconds .

AssetImportWorkerClient::OnTransportError - code=2 error=End of file
